<?xml version="1.0" encoding="UTF-8" standalone="no"?>
<testsuite errors="0" failures="0" name="me.normanmaurer.maven.autobahntestsuite.FuzzingClientMojo" skipped="0" tests="301" time="675.775">
  <testcase classname="AutobahnTestCase" name="6.22.7" time="0.003"/>
  <testcase classname="AutobahnTestCase" name="6.22.6" time="0.002"/>
  <testcase classname="AutobahnTestCase" name="6.22.9" time="0.003"/>
  <testcase classname="AutobahnTestCase" name="6.22.8" time="0.002"/>
  <testcase classname="AutobahnTestCase" name="4.1.1" time="0.002"/>
  <testcase classname="AutobahnTestCase" name="4.1.2" time="0.003"/>
  <testcase classname="AutobahnTestCase" name="6.5.5" time="0.003"/>
  <testcase classname="AutobahnTestCase" name="4.1.5" time="0.168"/>
  <testcase classname="AutobahnTestCase" name="6.5.3" time="0.003"/>
  <testcase classname="AutobahnTestCase" name="6.5.4" time="0.003"/>
  <testcase classname="AutobahnTestCase" name="4.1.3" time="0.003"/>
  <testcase classname="AutobahnTestCase" name="6.5.1" time="0.002"/>
  <testcase classname="AutobahnTestCase" name="4.1.4" time="0.004"/>
  <testcase classname="AutobahnTestCase" name="6.5.2" time="0.003"/>
  <testcase classname="AutobahnTestCase" name="6.10.3" time="0.001"/>
  <testcase classname="AutobahnTestCase" name="7.3.6" time="0.002"/>
  <testcase classname="AutobahnTestCase" name="7.3.2" time="0.001"/>
  <testcase classname="AutobahnTestCase" name="7.3.3" time="0.001"/>
  <testcase classname="AutobahnTestCase" name="6.10.1" time="0.002"/>
  <testcase classname="AutobahnTestCase" name="7.3.4" time="0.002"/>
  <testcase classname="AutobahnTestCase" name="6.10.2" time="0.001"/>
  <testcase classname="AutobahnTestCase" name="7.3.5" time="0.002"/>
  <testcase classname="AutobahnTestCase" name="6.18.4" time="0.002"/>
  <testcase classname="AutobahnTestCase" name="6.18.3" time="0.002"/>
  <testcase classname="AutobahnTestCase" name="6.18.5" time="0.002"/>
  <testcase classname="AutobahnTestCase" name="6.18.2" time="0.002"/>
  <testcase classname="AutobahnTestCase" name="6.18.1" time="0.002"/>
  <testcase classname="AutobahnTestCase" name="9.7.4" time="0.512"/>
  <testcase classname="AutobahnTestCase" name="6.4.1" time="1.016"/>
  <testcase classname="AutobahnTestCase" name="9.7.5" time="1.149"/>
  <testcase classname="AutobahnTestCase" name="9.7.6" time="3.611"/>
  <testcase classname="AutobahnTestCase" name="6.21.4" time="0.003"/>
  <testcase classname="AutobahnTestCase" name="6.21.3" time="0.001"/>
  <testcase classname="AutobahnTestCase" name="6.21.6" time="0.001"/>
  <testcase classname="AutobahnTestCase" name="6.21.5" time="0.002"/>
  <testcase classname="AutobahnTestCase" name="9.7.1" time="0.273"/>
  <testcase classname="AutobahnTestCase" name="6.21.2" time="0.002"/>
  <testcase classname="AutobahnTestCase" name="9.7.2" time="0.294"/>
  <testcase classname="AutobahnTestCase" name="6.21.1" time="0.001"/>
  <testcase classname="AutobahnTestCase" name="9.7.3" time="0.336"/>
  <testcase classname="AutobahnTestCase" name="6.23.6" time="0.002"/>
  <testcase classname="AutobahnTestCase" name="6.23.5" time="0.003"/>
  <testcase classname="AutobahnTestCase" name="6.23.7" time="0.002"/>
  <testcase classname="AutobahnTestCase" name="4.2.1" time="0.002"/>
  <testcase classname="AutobahnTestCase" name="4.2.4" time="0.003"/>
  <testcase classname="AutobahnTestCase" name="6.4.4" time="2.028"/>
  <testcase classname="AutobahnTestCase" name="4.2.5" time="0.189"/>
  <testcase classname="AutobahnTestCase" name="4.2.2" time="0.002"/>
  <testcase classname="AutobahnTestCase" name="6.4.2" time="1.016"/>
  <testcase classname="AutobahnTestCase" name="4.2.3" time="0.002"/>
  <testcase classname="AutobahnTestCase" name="6.4.3" time="2.021"/>
  <testcase classname="AutobahnTestCase" name="6.11.2" time="0.003"/>
  <testcase classname="AutobahnTestCase" name="6.11.3" time="0.003"/>
  <testcase classname="AutobahnTestCase" name="6.11.4" time="0.004"/>
  <testcase classname="AutobahnTestCase" name="6.11.5" time="0.002"/>
  <testcase classname="AutobahnTestCase" name="6.11.1" time="0.004"/>
  <testcase classname="AutobahnTestCase" name="5.10" time="0.002"/>
  <testcase classname="AutobahnTestCase" name="6.19.3" time="0.002"/>
  <testcase classname="AutobahnTestCase" name="5.11" time="0.003"/>
  <testcase classname="AutobahnTestCase" name="6.19.2" time="0.002"/>
  <testcase classname="AutobahnTestCase" name="7.1.1" time="0.002"/>
  <testcase classname="AutobahnTestCase" name="5.12" time="0.002"/>
  <testcase classname="AutobahnTestCase" name="6.19.5" time="0.001"/>
  <testcase classname="AutobahnTestCase" name="7.1.2" time="0.001"/>
  <testcase classname="AutobahnTestCase" name="5.13" time="0.002"/>
  <testcase classname="AutobahnTestCase" name="6.19.4" time="0.002"/>
  <testcase classname="AutobahnTestCase" name="7.1.3" time="0.001"/>
  <testcase classname="AutobahnTestCase" name="5.14" time="0.003"/>
  <testcase classname="AutobahnTestCase" name="5.15" time="0.003"/>
  <testcase classname="AutobahnTestCase" name="5.16" time="0.003"/>
  <testcase classname="AutobahnTestCase" name="6.19.1" time="0.002"/>
  <testcase classname="AutobahnTestCase" name="5.17" time="0.003"/>
  <testcase classname="AutobahnTestCase" name="6.3.1" time="0.002"/>
  <testcase classname="AutobahnTestCase" name="9.6.5" time="10.869"/>
  <testcase classname="AutobahnTestCase" name="6.3.2" time="0.006"/>
  <testcase classname="AutobahnTestCase" name="9.6.6" time="5.271"/>
  <testcase classname="AutobahnTestCase" name="6.22.3" time="0.003"/>
  <testcase classname="AutobahnTestCase" name="6.22.2" time="0.003"/>
  <testcase classname="AutobahnTestCase" name="6.22.5" time="0.002"/>
  <testcase classname="AutobahnTestCase" name="6.22.4" time="0.003"/>
  <testcase classname="AutobahnTestCase" name="9.6.1" time="145.839"/>
  <testcase classname="AutobahnTestCase" name="9.6.2" time="77.779"/>
  <testcase classname="AutobahnTestCase" name="6.22.1" time="0.004"/>
  <testcase classname="AutobahnTestCase" name="9.6.3" time="32.531"/>
  <testcase classname="AutobahnTestCase" name="9.6.4" time="19.198"/>
  <testcase classname="AutobahnTestCase" name="5.20" time="1.017"/>
  <testcase classname="AutobahnTestCase" name="7.9.8" time="0.001"/>
  <testcase classname="AutobahnTestCase" name="7.9.9" time="0.001"/>
  <testcase classname="AutobahnTestCase" name="7.9.4" time="0.001"/>
  <testcase classname="AutobahnTestCase" name="7.9.5" time="0.001"/>
  <testcase classname="AutobahnTestCase" name="7.9.6" time="0.001"/>
  <testcase classname="AutobahnTestCase" name="7.9.7" time="0.001"/>
  <testcase classname="AutobahnTestCase" name="5.18" time="0.003"/>
  <testcase classname="AutobahnTestCase" name="6.12.1" time="0.002"/>
  <testcase classname="AutobahnTestCase" name="5.19" time="1.011"/>
  <testcase classname="AutobahnTestCase" name="6.12.2" time="0.002"/>
  <testcase classname="AutobahnTestCase" name="7.9.1" time="0.002"/>
  <testcase classname="AutobahnTestCase" name="6.12.3" time="0.002"/>
  <testcase classname="AutobahnTestCase" name="7.9.2" time="0.001"/>
  <testcase classname="AutobahnTestCase" name="6.12.4" time="0.002"/>
  <testcase classname="AutobahnTestCase" name="7.9.3" time="0.002"/>
  <testcase classname="AutobahnTestCase" name="7.1.4" time="0.001"/>
  <testcase classname="AutobahnTestCase" name="7.1.5" time="0.001"/>
  <testcase classname="AutobahnTestCase" name="7.1.6" time="0.247"/>
  <testcase classname="AutobahnTestCase" name="6.12.5" time="0.002"/>
  <testcase classname="AutobahnTestCase" name="6.12.6" time="0.002"/>
  <testcase classname="AutobahnTestCase" name="6.12.7" time="0.002"/>
  <testcase classname="AutobahnTestCase" name="6.12.8" time="0.002"/>
  <testcase classname="AutobahnTestCase" name="1.1.2" time="0.01"/>
  <testcase classname="AutobahnTestCase" name="6.2.2" time="0.003"/>
  <testcase classname="AutobahnTestCase" name="9.5.6" time="5.217"/>
  <testcase classname="AutobahnTestCase" name="1.1.3" time="0.007"/>
  <testcase classname="AutobahnTestCase" name="6.2.3" time="0.009"/>
  <testcase classname="AutobahnTestCase" name="1.1.4" time="0.01"/>
  <testcase classname="AutobahnTestCase" name="1.1.5" time="0.01"/>
  <testcase classname="AutobahnTestCase" name="6.2.1" time="0.003"/>
  <testcase classname="AutobahnTestCase" name="1.1.6" time="0.158"/>
  <testcase classname="AutobahnTestCase" name="1.1.7" time="0.077"/>
  <testcase classname="AutobahnTestCase" name="1.1.8" time="0.448"/>
  <testcase classname="AutobahnTestCase" name="5.1" time="0.002"/>
  <testcase classname="AutobahnTestCase" name="6.23.2" time="0.002"/>
  <testcase classname="AutobahnTestCase" name="5.2" time="0.002"/>
  <testcase classname="AutobahnTestCase" name="6.23.1" time="0.002"/>
  <testcase classname="AutobahnTestCase" name="5.3" time="0.003"/>
  <testcase classname="AutobahnTestCase" name="6.23.4" time="0.004"/>
  <testcase classname="AutobahnTestCase" name="5.4" time="0.005"/>
  <testcase classname="AutobahnTestCase" name="6.23.3" time="0.003"/>
  <testcase classname="AutobahnTestCase" name="9.5.1" time="134.16"/>
  <testcase classname="AutobahnTestCase" name="5.5" time="0.294"/>
  <testcase classname="AutobahnTestCase" name="9.5.2" time="65.83"/>
  <testcase classname="AutobahnTestCase" name="5.6" time="0.004"/>
  <testcase classname="AutobahnTestCase" name="9.5.3" time="35.586"/>
  <testcase classname="AutobahnTestCase" name="5.7" time="0.005"/>
  <testcase classname="AutobahnTestCase" name="9.5.4" time="18.684"/>
  <testcase classname="AutobahnTestCase" name="1.1.1" time="0.019"/>
  <testcase classname="AutobahnTestCase" name="5.8" time="0.3"/>
  <testcase classname="AutobahnTestCase" name="9.5.5" time="9.937"/>
  <testcase classname="AutobahnTestCase" name="5.9" time="0.002"/>
  <testcase classname="AutobahnTestCase" name="7.13.2" time="0.001"/>
  <testcase classname="AutobahnTestCase" name="7.13.1" time="0.002"/>
  <testcase classname="AutobahnTestCase" name="6.2.4" time="0.008"/>
  <testcase classname="AutobahnTestCase" name="6.13.1" time="0.002"/>
  <testcase classname="AutobahnTestCase" name="6.13.2" time="0.001"/>
  <testcase classname="AutobahnTestCase" name="6.13.3" time="0.002"/>
  <testcase classname="AutobahnTestCase" name="6.13.4" time="0.002"/>
  <testcase classname="AutobahnTestCase" name="6.13.5" time="0.001"/>
  <testcase classname="AutobahnTestCase" name="7.7.13" time="0.001"/>
  <testcase classname="AutobahnTestCase" name="1.2.1" time="0.008"/>
  <testcase classname="AutobahnTestCase" name="6.1.3" time="0.003"/>
  <testcase classname="AutobahnTestCase" name="6.22.34" time="0.003"/>
  <testcase classname="AutobahnTestCase" name="9.4.7" time="2.035"/>
  <testcase classname="AutobahnTestCase" name="1.2.2" time="0.008"/>
  <testcase classname="AutobahnTestCase" name="6.22.33" time="0.003"/>
  <testcase classname="AutobahnTestCase" name="7.7.10" time="0.001"/>
  <testcase classname="AutobahnTestCase" name="9.4.8" time="2.087"/>
  <testcase classname="AutobahnTestCase" name="1.2.3" time="0.007"/>
  <testcase classname="AutobahnTestCase" name="6.1.1" time="0.003"/>
  <testcase classname="AutobahnTestCase" name="6.22.32" time="0.002"/>
  <testcase classname="AutobahnTestCase" name="7.7.11" time="0.002"/>
  <testcase classname="AutobahnTestCase" name="9.4.9" time="2.118"/>
  <testcase classname="AutobahnTestCase" name="1.2.4" time="0.007"/>
  <testcase classname="AutobahnTestCase" name="6.1.2" time="0.003"/>
  <testcase classname="AutobahnTestCase" name="6.22.31" time="0.004"/>
  <testcase classname="AutobahnTestCase" name="7.7.12" time="0.001"/>
  <testcase classname="AutobahnTestCase" name="1.2.5" time="0.006"/>
  <testcase classname="AutobahnTestCase" name="6.22.30" time="0.003"/>
  <testcase classname="AutobahnTestCase" name="1.2.6" time="0.054"/>
  <testcase classname="AutobahnTestCase" name="1.2.7" time="0.052"/>
  <testcase classname="AutobahnTestCase" name="1.2.8" time="0.406"/>
  <testcase classname="AutobahnTestCase" name="9.4.1" time="3.848"/>
  <testcase classname="AutobahnTestCase" name="9.4.2" time="2.492"/>
  <testcase classname="AutobahnTestCase" name="9.4.3" time="2.165"/>
  <testcase classname="AutobahnTestCase" name="9.4.4" time="2.092"/>
  <testcase classname="AutobahnTestCase" name="9.4.5" time="2.074"/>
  <testcase classname="AutobahnTestCase" name="9.4.6" time="2.082"/>
  <testcase classname="AutobahnTestCase" name="6.9.3" time="0.003"/>
  <testcase classname="AutobahnTestCase" name="6.9.4" time="0.003"/>
  <testcase classname="AutobahnTestCase" name="6.9.1" time="0.003"/>
  <testcase classname="AutobahnTestCase" name="6.9.2" time="0.003"/>
  <testcase classname="AutobahnTestCase" name="6.22.23" time="0.003"/>
  <testcase classname="AutobahnTestCase" name="6.22.22" time="0.003"/>
  <testcase classname="AutobahnTestCase" name="6.22.21" time="0.003"/>
  <testcase classname="AutobahnTestCase" name="6.22.20" time="0.002"/>
  <testcase classname="AutobahnTestCase" name="7.7.6" time="0.001"/>
  <testcase classname="AutobahnTestCase" name="7.7.7" time="0.001"/>
  <testcase classname="AutobahnTestCase" name="7.7.8" time="0.002"/>
  <testcase classname="AutobahnTestCase" name="7.7.9" time="0.001"/>
  <testcase classname="AutobahnTestCase" name="7.7.2" time="0.001"/>
  <testcase classname="AutobahnTestCase" name="7.7.3" time="0.001"/>
  <testcase classname="AutobahnTestCase" name="6.14.1" time="0.002"/>
  <testcase classname="AutobahnTestCase" name="6.22.29" time="0.003"/>
  <testcase classname="AutobahnTestCase" name="7.7.4" time="0.001"/>
  <testcase classname="AutobahnTestCase" name="6.14.2" time="0.002"/>
  <testcase classname="AutobahnTestCase" name="6.22.28" time="0.002"/>
  <testcase classname="AutobahnTestCase" name="7.7.5" time="0.002"/>
  <testcase classname="AutobahnTestCase" name="6.22.27" time="0.002"/>
  <testcase classname="AutobahnTestCase" name="6.22.26" time="0.004"/>
  <testcase classname="AutobahnTestCase" name="6.22.25" time="0.002"/>
  <testcase classname="AutobahnTestCase" name="6.22.24" time="0.002"/>
  <testcase classname="AutobahnTestCase" name="7.7.1" time="0.002"/>
  <testcase classname="AutobahnTestCase" name="6.14.7" time="0.002"/>
  <testcase classname="AutobahnTestCase" name="6.14.8" time="0.002"/>
  <testcase classname="AutobahnTestCase" name="6.14.9" time="0.002"/>
  <testcase classname="AutobahnTestCase" name="6.14.3" time="0.002"/>
  <testcase classname="AutobahnTestCase" name="6.14.4" time="0.003"/>
  <testcase classname="AutobahnTestCase" name="6.14.5" time="0.002"/>
  <testcase classname="AutobahnTestCase" name="6.14.6" time="0.003"/>
  <testcase classname="AutobahnTestCase" name="6.22.12" time="0.002"/>
  <testcase classname="AutobahnTestCase" name="9.3.8" time="2.991"/>
  <testcase classname="AutobahnTestCase" name="6.22.11" time="0.003"/>
  <testcase classname="AutobahnTestCase" name="9.3.9" time="3.001"/>
  <testcase classname="AutobahnTestCase" name="10.1.1" time="0.053"/>
  <testcase classname="AutobahnTestCase" name="6.22.10" time="0.003"/>
  <testcase classname="AutobahnTestCase" name="3.1" time="0.002"/>
  <testcase classname="AutobahnTestCase" name="3.2" time="0.003"/>
  <testcase classname="AutobahnTestCase" name="3.3" time="0.004"/>
  <testcase classname="AutobahnTestCase" name="3.4" time="0.164"/>
  <testcase classname="AutobahnTestCase" name="6.22.19" time="0.002"/>
  <testcase classname="AutobahnTestCase" name="9.3.1" time="5.661"/>
  <testcase classname="AutobahnTestCase" name="3.5" time="0.003"/>
  <testcase classname="AutobahnTestCase" name="6.22.18" time="0.002"/>
  <testcase classname="AutobahnTestCase" name="9.3.2" time="3.546"/>
  <testcase classname="AutobahnTestCase" name="3.6" time="0.003"/>
  <testcase classname="AutobahnTestCase" name="6.22.17" time="0.003"/>
  <testcase classname="AutobahnTestCase" name="9.3.3" time="3.111"/>
  <testcase classname="AutobahnTestCase" name="3.7" time="0.002"/>
  <testcase classname="AutobahnTestCase" name="6.22.16" time="0.003"/>
  <testcase classname="AutobahnTestCase" name="9.3.4" time="3.014"/>
  <testcase classname="AutobahnTestCase" name="6.22.15" time="0.003"/>
  <testcase classname="AutobahnTestCase" name="9.3.5" time="2.981"/>
  <testcase classname="AutobahnTestCase" name="6.22.14" time="0.003"/>
  <testcase classname="AutobahnTestCase" name="9.3.6" time="2.998"/>
  <testcase classname="AutobahnTestCase" name="6.22.13" time="0.003"/>
  <testcase classname="AutobahnTestCase" name="9.3.7" time="2.979"/>
  <testcase classname="AutobahnTestCase" name="9.1.1" time="0.052"/>
  <testcase classname="AutobahnTestCase" name="6.6.10" time="0.001"/>
  <testcase classname="AutobahnTestCase" name="6.8.2" time="0.001"/>
  <testcase classname="AutobahnTestCase" name="2.11" time="1.088"/>
  <testcase classname="AutobahnTestCase" name="2.10" time="0.009"/>
  <testcase classname="AutobahnTestCase" name="6.8.1" time="0.001"/>
  <testcase classname="AutobahnTestCase" name="6.6.11" time="0.003"/>
  <testcase classname="AutobahnTestCase" name="6.15.1" time="0.002"/>
  <testcase classname="AutobahnTestCase" name="2.1" time="0.008"/>
  <testcase classname="AutobahnTestCase" name="2.2" time="0.006"/>
  <testcase classname="AutobahnTestCase" name="2.3" time="0.004"/>
  <testcase classname="AutobahnTestCase" name="2.4" time="0.008"/>
  <testcase classname="AutobahnTestCase" name="9.2.1" time="0.039"/>
  <testcase classname="AutobahnTestCase" name="2.5" time="0.004"/>
  <testcase classname="AutobahnTestCase" name="9.2.2" time="0.142"/>
  <testcase classname="AutobahnTestCase" name="2.6" time="0.966"/>
  <testcase classname="AutobahnTestCase" name="9.2.3" time="0.561"/>
  <testcase classname="AutobahnTestCase" name="2.7" time="0.003"/>
  <testcase classname="AutobahnTestCase" name="9.2.4" time="2.252"/>
  <testcase classname="AutobahnTestCase" name="2.8" time="0.003"/>
  <testcase classname="AutobahnTestCase" name="9.2.5" time="4.609"/>
  <testcase classname="AutobahnTestCase" name="2.9" time="0.003"/>
  <testcase classname="AutobahnTestCase" name="9.2.6" time="8.988"/>
  <testcase classname="AutobahnTestCase" name="6.7.3" time="0.002"/>
  <testcase classname="AutobahnTestCase" name="6.7.4" time="0.003"/>
  <testcase classname="AutobahnTestCase" name="6.7.1" time="0.003"/>
  <testcase classname="AutobahnTestCase" name="6.7.2" time="0.002"/>
  <testcase classname="AutobahnTestCase" name="7.5.1" time="0.002"/>
  <testcase classname="AutobahnTestCase" name="6.16.2" time="0.003"/>
  <testcase classname="AutobahnTestCase" name="6.16.1" time="0.001"/>
  <testcase classname="AutobahnTestCase" name="6.16.3" time="0.002"/>
  <testcase classname="AutobahnTestCase" name="9.1.2" time="0.191"/>
  <testcase classname="AutobahnTestCase" name="9.1.3" time="0.762"/>
  <testcase classname="AutobahnTestCase" name="9.1.4" time="3.074"/>
  <testcase classname="AutobahnTestCase" name="9.1.5" time="6.181"/>
  <testcase classname="AutobahnTestCase" name="9.1.6" time="12.205"/>
  <testcase classname="AutobahnTestCase" name="6.21.8" time="0.001"/>
  <testcase classname="AutobahnTestCase" name="6.21.7" time="0.002"/>
  <testcase classname="AutobahnTestCase" name="6.6.8" time="0.001"/>
  <testcase classname="AutobahnTestCase" name="6.6.9" time="0.003"/>
  <testcase classname="AutobahnTestCase" name="6.14.10" time="0.001"/>
  <testcase classname="AutobahnTestCase" name="6.6.6" time="0.001"/>
  <testcase classname="AutobahnTestCase" name="6.6.7" time="0.003"/>
  <testcase classname="AutobahnTestCase" name="6.6.4" time="0.002"/>
  <testcase classname="AutobahnTestCase" name="6.6.5" time="0.002"/>
  <testcase classname="AutobahnTestCase" name="6.6.2" time="0.003"/>
  <testcase classname="AutobahnTestCase" name="6.6.3" time="0.001"/>
  <testcase classname="AutobahnTestCase" name="6.6.1" time="0.002"/>
  <testcase classname="AutobahnTestCase" name="6.17.5" time="0.002"/>
  <testcase classname="AutobahnTestCase" name="6.17.4" time="0.002"/>
  <testcase classname="AutobahnTestCase" name="7.3.1" time="0.001"/>
  <testcase classname="AutobahnTestCase" name="6.17.1" time="0.002"/>
  <testcase classname="AutobahnTestCase" name="6.17.3" time="0.001"/>
  <testcase classname="AutobahnTestCase" name="6.17.2" time="0.002"/>
  <testcase classname="AutobahnTestCase" name="9.8.3" time="0.313"/>
  <testcase classname="AutobahnTestCase" name="9.8.4" time="0.458"/>
  <testcase classname="AutobahnTestCase" name="9.8.5" time="0.969"/>
  <testcase classname="AutobahnTestCase" name="9.8.6" time="2.728"/>
  <testcase classname="AutobahnTestCase" name="6.20.5" time="0.001"/>
  <testcase classname="AutobahnTestCase" name="6.20.4" time="0.002"/>
  <testcase classname="AutobahnTestCase" name="6.20.7" time="0.001"/>
  <testcase classname="AutobahnTestCase" name="6.20.6" time="0.001"/>
  <testcase classname="AutobahnTestCase" name="6.20.1" time="0.003"/>
  <testcase classname="AutobahnTestCase" name="6.20.3" time="0.002"/>
  <testcase classname="AutobahnTestCase" name="9.8.1" time="0.255"/>
  <testcase classname="AutobahnTestCase" name="6.20.2" time="0.002"/>
  <testcase classname="AutobahnTestCase" name="9.8.2" time="0.262"/>
</testsuite>
